<?xml version="1.0" encoding="UTF-8"?>
<!-- Generated by org.testng.reporters.JUnitReportReporter -->
<testsuite hostname="LAPTOP-KPRVIQCQ" failures="0" tests="1" name="tests.SpaceXapiTest" time="2.930" errors="0" timestamp="19 Aug 2021 12:25:31 GMT" skipped="0">
  <testcase classname="tests.SpaceXapiTest" name="getSpecificIdLaunchDetail" time="2.930"/>
</testsuite> <!-- tests.SpaceXapiTest -->
