<?xml version="1.0" encoding="UTF-8"?>
<!-- Generated by org.testng.reporters.JUnitReportReporter -->
<testsuite hostname="LAPTOP-KPRVIQCQ" failures="0" tests="1" name="tests.TestBlazeDemo" time="2.864" errors="0" timestamp="19 Aug 2021 12:45:00 GMT" skipped="0">
  <testcase classname="tests.TestBlazeDemo" name="verifyFlightBooking" time="2.864"/>
</testsuite> <!-- tests.TestBlazeDemo -->
