<?xml version="1.0" encoding="UTF-8"?>
<!-- Generated by org.testng.reporters.JUnitReportReporter -->
<testsuite hostname="LAPTOP-KPRVIQCQ" failures="0" tests="1" name="Puma.PumaProject.AppTest" time="0.016" errors="0" timestamp="02 Aug 2021 13:29:00 GMT" skipped="0">
  <testcase classname="Puma.PumaProject.AppTest" name="shouldAnswerWithTrue" time="0.016"/>
</testsuite> <!-- Puma.PumaProject.AppTest -->
