<?xml version="1.0" encoding="UTF-8"?>
<!-- Generated by org.testng.reporters.JUnitReportReporter -->
<testsuite hostname="LAPTOP-KPRVIQCQ" failures="0" tests="2" name="tests.TestBlazeDemo" time="3.032" errors="0" timestamp="19 Aug 2021 12:51:49 GMT" skipped="0">
  <testcase classname="tests.TestBlazeDemo" name="verifyTitleOfHomePage" time="0.008"/>
  <testcase classname="tests.TestBlazeDemo" name="verifyFlightBooking" time="3.024"/>
</testsuite> <!-- tests.TestBlazeDemo -->
