<?xml version="1.0" encoding="UTF-8"?>
<!-- Generated by org.testng.reporters.JUnitReportReporter -->
<testsuite hostname="LAPTOP-KPRVIQCQ" failures="0" tests="2" name="tests.SpaceXapiTest" time="5.657" errors="0" timestamp="19 Aug 2021 12:51:49 GMT" skipped="0">
  <testcase classname="tests.SpaceXapiTest" name="getStatusCode" time="3.547"/>
  <testcase classname="tests.SpaceXapiTest" name="getSpecificIdLaunchDetail" time="2.110"/>
</testsuite> <!-- tests.SpaceXapiTest -->
